<?xml version="1.0" encoding="UTF-8"?><testsuite errors="4" failures="0" name="org.example.features.search.SearchByKeywordStory" skipped="2" tests="6" time="24.37" timestamp="2021-05-09 08:50:32"><testcase classname="org.example.features.search.SearchByKeywordStory" name="Searching by keyword banana should display the corresponding article"><error message="Cannot invoke &quot;String.coder()&quot; because &quot;str&quot; is null" type="java.lang.NullPointerException">Cannot invoke "String.coder()" because "str" is null</error><system-err>Cannot invoke "String.coder()" because "str" is null&#13;
org.example.steps.serenity.EndUserSteps.should_see_definition(EndUserSteps.java:27)&#13;
org.example.features.search.SearchByKeywordStory.searching_by_keyword_banana_should_display_the_corresponding_article(SearchByKeywordStory.java:44)&#13;
</system-err></testcase><testcase classname="org.example.features.search.SearchByKeywordStory" name="Searching by ambiguious keyword should display the disambiguation page"><skipped/></testcase><testcase classname="org.example.features.search.SearchByKeywordStory" name="Searching by keyword apple should display the corresponding article"><error message="Cannot invoke &quot;String.coder()&quot; because &quot;str&quot; is null" type="java.lang.NullPointerException">Cannot invoke "String.coder()" because "str" is null</error><system-err>Cannot invoke "String.coder()" because "str" is null&#13;
org.example.steps.serenity.EndUserSteps.should_see_definition(EndUserSteps.java:27)&#13;
org.example.features.search.SearchByKeywordStory.searching_by_keyword_apple_should_display_the_corresponding_article(SearchByKeywordStory.java:37)&#13;
</system-err></testcase></testsuite>